<?xml version="1.0" encoding="UTF-8"?>
<testng-results ignored="0" total="1" passed="1" failed="0" skipped="0">
  <reporter-output>
  </reporter-output>
  <suite started-at="2018-10-04T18:34:56Z" name="Suite" finished-at="2018-10-04T18:34:56Z" duration-ms="38">
    <groups>
    </groups>
    <test started-at="2018-10-04T18:34:56Z" name="Test" finished-at="2018-10-04T18:34:56Z" duration-ms="38">
      <class name="Class1.DemoClass">
        <test-method signature="call()[pri:0, instance:Class1.DemoClass@66d18979]" started-at="2018-10-04T18:34:56Z" name="call" finished-at="2018-10-04T18:34:56Z" duration-ms="10" status="PASS">
          <reporter-output>
          </reporter-output>
        </test-method> <!-- call -->
      </class> <!-- Class1.DemoClass -->
    </test> <!-- Test -->
  </suite> <!-- Suite -->
</testng-results>
